🚀 Running all bin/*.rs targets in release mode
👉 Running avax_call ...

tx: TransactionRequest { from: None, to: Some(Call(0xbe0f5544ec67e9b3b2d979aaa43f18fd87e6257f)), gas_price: None, max_fee_per_gas: Some(2355804100), max_priority_fee_per_gas: Some(0), max_fee_per_blob_gas: None, gas: Some(1000000), value: Some(0), input: TransactionInput { input: Some(0xc6a5026a000000000000000000000000b31f66aa3c1e785363f0875a1b74e27b85fd66c7000000000000000000000000b97ef9ef8734c71904d8002f8b6bc66dd9c48a6e000000000000000000000000000000000000000000000000016345785d8a00000000000000000000000000000000000000000000000000000000000000000bb800000000000000000000000000000000000000000000000000000001000276ad), data: None }, nonce: Some(0), chain_id: Some(43114), access_list: Some(AccessList([])), transaction_type: Some(2), blob_versioned_hashes: None, sidecar: None, authorization_list: None }

call: EthCall { method: "eth_call", data: TransactionRequest { from: None, to: Some(Call(0xbe0f5544ec67e9b3b2d979aaa43f18fd87e6257f)), gas_price: None, max_fee_per_gas: Some(2355804100), max_priority_fee_per_gas: Some(0), max_fee_per_blob_gas: None, gas: Some(1000000), value: Some(0), input: TransactionInput { input: Some(0xc6a5026a000000000000000000000000b31f66aa3c1e785363f0875a1b74e27b85fd66c7000000000000000000000000b97ef9ef8734c71904d8002f8b6bc66dd9c48a6e000000000000000000000000000000000000000000000000016345785d8a00000000000000000000000000000000000000000000000000000000000000000bb800000000000000000000000000000000000000000000000000000001000276ad), data: None }, nonce: Some(0), chain_id: Some(43114), access_list: Some(AccessList([])), transaction_type: Some(2), blob_versioned_hashes: None, sidecar: None, authorization_list: None }, block: Some(Number(Latest)), overrides: None }

response: 0x000000000000000000000000000000000000000000000000000000000020a90b000000000000000000000000000000000000000000004dbc4a5f31c6af2a3a7300000000000000000000000000000000000000000000000000000000000000010000000000000000000000000000000000000000000000000000000000014a2f
100000000000000000 WAVAX -> USDC 2140427
Elapsed: 305.19ms for 'avax_call'
✅ Finished avax_call
-----------------------------
👉 Running eth_anvil ...
100000000000000000 WETH -> USDC 262307570
Elapsed: 5.78s for 'anvil_first'
100000000000000000 WETH -> USDC 262307570
80000000000000000 WETH -> USDC 209846089
60000000000000000 WETH -> USDC 157384592
40000000000000000 WETH -> USDC 104923078
20000000000000000 WETH -> USDC 52461547
Elapsed: 149.56ms for 'anvil'
✅ Finished eth_anvil
-----------------------------
👉 Running eth_arbitrage ...
100000000000000000 WETH -> USDC 263496610 -> WETH 99851325215210343
No profit.
99000000000000000 WETH -> USDC 260861646 -> WETH 98852813585107395
No profit.
98000000000000000 WETH -> USDC 258226683 -> WETH 97854301939128583
No profit.
97000000000000000 WETH -> USDC 255591720 -> WETH 96855790657361171
No profit.
96000000000000000 WETH -> USDC 252956756 -> WETH 95857278979630635
No profit.
95000000000000000 WETH -> USDC 250321792 -> WETH 94858767286024234
No profit.
94000000000000000 WETH -> USDC 247686829 -> WETH 93860255956629251
No profit.
93000000000000000 WETH -> USDC 245051865 -> WETH 92861744231271125
No profit.
92000000000000000 WETH -> USDC 242416901 -> WETH 91863232490037132
No profit.
91000000000000000 WETH -> USDC 239781937 -> WETH 90864720732927273
No profit.
90000000000000000 WETH -> USDC 237146974 -> WETH 89866209340028854
No profit.
89000000000000000 WETH -> USDC 234512010 -> WETH 88867697171079953
No profit.
88000000000000000 WETH -> USDC 231877046 -> WETH 87869185366342491
No profit.
87000000000000000 WETH -> USDC 229242082 -> WETH 86870673545729161
No profit.
86000000000000000 WETH -> USDC 226607118 -> WETH 85872161709239963
No profit.
85000000000000000 WETH -> USDC 223972153 -> WETH 84873649476787558
No profit.
84000000000000000 WETH -> USDC 221337189 -> WETH 83875137608546615
No profit.
83000000000000000 WETH -> USDC 218702225 -> WETH 82876625724429802
No profit.
82000000000000000 WETH -> USDC 216067261 -> WETH 81878113824437120
No profit.
81000000000000000 WETH -> USDC 213432296 -> WETH 80879601528481205
No profit.
80000000000000000 WETH -> USDC 210797332 -> WETH 79881089596736775
No profit.
79000000000000000 WETH -> USDC 208162367 -> WETH 78882576888941726
No profit.
78000000000000000 WETH -> USDC 205527403 -> WETH 77884064925445541
No profit.
77000000000000000 WETH -> USDC 202892438 -> WETH 76885552565986099
No profit.
76000000000000000 WETH -> USDC 200257474 -> WETH 75887040570738163
No profit.
75000000000000000 WETH -> USDC 197622509 -> WETH 74888528179526957
No profit.
74000000000000000 WETH -> USDC 194987544 -> WETH 73890015772439866
No profit.
73000000000000000 WETH -> USDC 192352579 -> WETH 72891503349476889
No profit.
72000000000000000 WETH -> USDC 189717615 -> WETH 71892991290725442
No profit.
71000000000000000 WETH -> USDC 187082650 -> WETH 70894478836010699
No profit.
70000000000000000 WETH -> USDC 184447685 -> WETH 69895965985332641
No profit.
69000000000000000 WETH -> USDC 181812720 -> WETH 68897453498866118
No profit.
68000000000000000 WETH -> USDC 179177755 -> WETH 67898940996523707
No profit.
67000000000000000 WETH -> USDC 176542790 -> WETH 66900428478305409
No profit.
66000000000000000 WETH -> USDC 173907824 -> WETH 65901915564123770
No profit.
65000000000000000 WETH -> USDC 171272859 -> WETH 64903403014153689
No profit.
64000000000000000 WETH -> USDC 168637894 -> WETH 63904890448307718
No profit.
63000000000000000 WETH -> USDC 166002928 -> WETH 62906377486498388
No profit.
62000000000000000 WETH -> USDC 163367963 -> WETH 61907864888900633
No profit.
61000000000000000 WETH -> USDC 160732998 -> WETH 60909352275426987
No profit.
60000000000000000 WETH -> USDC 158098032 -> WETH 59910838885902474
No profit.
59000000000000000 WETH -> USDC 155463066 -> WETH 58912325860589540
No profit.
58000000000000000 WETH -> USDC 152828101 -> WETH 57913813199488204
No profit.
57000000000000000 WETH -> USDC 150193135 -> WETH 56915300142423469
No profit.
56000000000000000 WETH -> USDC 147558169 -> WETH 55916787069482830
No profit.
55000000000000000 WETH -> USDC 144923204 -> WETH 54918274360753805
No profit.
54000000000000000 WETH -> USDC 142288238 -> WETH 53919761256061363
No profit.
53000000000000000 WETH -> USDC 139653272 -> WETH 52921248135493015
No profit.
52000000000000000 WETH -> USDC 137018306 -> WETH 51922734999048762
No profit.
51000000000000000 WETH -> USDC 134383340 -> WETH 50924221466641060
No profit.
50000000000000000 WETH -> USDC 131748374 -> WETH 49925708298444988
No profit.
49000000000000000 WETH -> USDC 129113408 -> WETH 48927195114373010
No profit.
48000000000000000 WETH -> USDC 126478441 -> WETH 47928681534337564
No profit.
47000000000000000 WETH -> USDC 123843475 -> WETH 46930168318513764
No profit.
46000000000000000 WETH -> USDC 121208509 -> WETH 45931655086814057
No profit.
45000000000000000 WETH -> USDC 118573543 -> WETH 44933141839238442
No profit.
44000000000000000 WETH -> USDC 115938576 -> WETH 43934628195699333
No profit.
43000000000000000 WETH -> USDC 113303610 -> WETH 42936114916371894
No profit.
42000000000000000 WETH -> USDC 110668643 -> WETH 41937601241080948
No profit.
41000000000000000 WETH -> USDC 108033677 -> WETH 40939087549914080
No profit.
40000000000000000 WETH -> USDC 105398710 -> WETH 39940573842871290
No profit.
39000000000000000 WETH -> USDC 102763743 -> WETH 38942060119952578
No profit.
38000000000000000 WETH -> USDC 100128777 -> WETH 37943546761245564
No profit.
37000000000000000 WETH -> USDC 97493810 -> WETH 36945033006575011
No profit.
36000000000000000 WETH -> USDC 94858843 -> WETH 35946519236028534
No profit.
35000000000000000 WETH -> USDC 92223876 -> WETH 34948005449606133
No profit.
34000000000000000 WETH -> USDC 89588909 -> WETH 33949491647307807
No profit.
33000000000000000 WETH -> USDC 86953942 -> WETH 32950977829133557
No profit.
32000000000000000 WETH -> USDC 84318975 -> WETH 31952463995083381
No profit.
31000000000000000 WETH -> USDC 81684008 -> WETH 30953949765069616
No profit.
30000000000000000 WETH -> USDC 79049041 -> WETH 29955435899267583
No profit.
29000000000000000 WETH -> USDC 76414073 -> WETH 28956921637501947
No profit.
28000000000000000 WETH -> USDC 73779106 -> WETH 27958407739948054
No profit.
27000000000000000 WETH -> USDC 71144139 -> WETH 26959893826518234
No profit.
26000000000000000 WETH -> USDC 68509171 -> WETH 25961379517124793
No profit.
25000000000000000 WETH -> USDC 65874204 -> WETH 24962865571943111
No profit.
24000000000000000 WETH -> USDC 63239236 -> WETH 23964351230797796
No profit.
23000000000000000 WETH -> USDC 60604269 -> WETH 22965837253864251
No profit.
22000000000000000 WETH -> USDC 57969301 -> WETH 21967322880967059
No profit.
21000000000000000 WETH -> USDC 55334334 -> WETH 20968808492193926
No profit.
20000000000000000 WETH -> USDC 52699366 -> WETH 19970294087544851
No profit.
19000000000000000 WETH -> USDC 50064398 -> WETH 18971779667019833
No profit.
18000000000000000 WETH -> USDC 47429430 -> WETH 17973265230618873
No profit.
17000000000000000 WETH -> USDC 44794462 -> WETH 16974750778341969
No profit.
16000000000000000 WETH -> USDC 42159494 -> WETH 15976236310189123
No profit.
15000000000000000 WETH -> USDC 39524526 -> WETH 14977721826160332
No profit.
14000000000000000 WETH -> USDC 36889558 -> WETH 13979207326255597
No profit.
13000000000000000 WETH -> USDC 34254590 -> WETH 12980692810474918
No profit.
12000000000000000 WETH -> USDC 31619622 -> WETH 11982178278818294
No profit.
11000000000000000 WETH -> USDC 28984654 -> WETH 10983663731285724
No profit.
10000000000000000 WETH -> USDC 26349685 -> WETH 9985148407701627
No profit.
9000000000000000 WETH -> USDC 23714717 -> WETH 8986633828417154
No profit.
8000000000000000 WETH -> USDC 21079749 -> WETH 7988119233256734
No profit.
7000000000000000 WETH -> USDC 18444780 -> WETH 6989604242132558
No profit.
6000000000000000 WETH -> USDC 15809812 -> WETH 5991089615220238
No profit.
5000000000000000 WETH -> USDC 13174843 -> WETH 4992574592344149
No profit.
4000000000000000 WETH -> USDC 10539875 -> WETH 3994059933679927
No profit.
3000000000000000 WETH -> USDC 7904906 -> WETH 2995544879051924
No profit.
2000000000000000 WETH -> USDC 5269937 -> WETH 1997029808547960
No profit.
1000000000000000 WETH -> USDC 2634968 -> WETH 998514722168035
No profit.
✅ Finished eth_arbitrage
-----------------------------
👉 Running eth_call_one ...
tx: TransactionRequest { from: None, to: Some(Call(0x61ffe014ba17989e743c5f6cb21bf9697530b21e)), gas_price: None, max_fee_per_gas: Some(1098579336), max_priority_fee_per_gas: Some(91548278), max_fee_per_blob_gas: None, gas: Some(1000000), value: Some(0), input: TransactionInput { input: Some(0xc6a5026a000000000000000000000000c02aaa39b223fe8d0a0e5c4f27ead9083c756cc2000000000000000000000000a0b86991c6218b36c1d19d4a2e9eb0ce3606eb48000000000000000000000000000000000000000000000000016345785d8a00000000000000000000000000000000000000000000000000000000000000000bb8000000000000000000000000fffd8963efd1fc6a506488495d951d5263988d25), data: None }, nonce: Some(0), chain_id: Some(1), access_list: Some(AccessList([])), transaction_type: Some(2), blob_versioned_hashes: None, sidecar: None, authorization_list: None }
call: 0x000000000000000000000000000000000000000000000000000000000fa27ef20000000000000000000000000000000000004c27db7c49463ea7120cae246a0000000000000000000000000000000000000000000000000000000000000000010000000000000000000000000000000000000000000000000000000000014b13
100000000000000000 WETH -> USDC 262307570
Elapsed: 252.00ms for 'eth_call_one'
✅ Finished eth_call_one
-----------------------------
👉 Running eth_call ...
100000000000000000 WETH -> USDC 262307570
80000000000000000 WETH -> USDC 209846089
60000000000000000 WETH -> USDC 157384592
40000000000000000 WETH -> USDC 104923078
20000000000000000 WETH -> USDC 52461547
Elapsed: 31.64s for 'eth_call'
✅ Finished eth_call
-----------------------------
👉 Running eth_revm_cached ...
100000000000000000 WETH -> USDC 262307570
Elapsed: 2.73s for 'revm_cached_first'
100000000000000000 WETH -> USDC 262307570
80000000000000000 WETH -> USDC 209846089
60000000000000000 WETH -> USDC 157384592
40000000000000000 WETH -> USDC 104923078
20000000000000000 WETH -> USDC 52461547
Elapsed: 77.14ms for 'revm_cached'
✅ Finished eth_revm_cached
-----------------------------
👉 Running eth_revm_quoter ...
100000000000000000 WETH -> USDC 262307570
Elapsed: 2.25s for 'revm_quoter_first'
100000000000000000 WETH -> USDC 262307570
80000000000000000 WETH -> USDC 209846089
60000000000000000 WETH -> USDC 157384592
40000000000000000 WETH -> USDC 104923078
20000000000000000 WETH -> USDC 52461547
Elapsed: 19.89ms for 'revm_quoter'
✅ Finished eth_revm_quoter
-----------------------------
👉 Running eth_revm ...
100000000000000000 WETH -> USDC 262307570
Elapsed: 5.18s for 'revm_first'
100000000000000000 WETH -> USDC 262307570
80000000000000000 WETH -> USDC 209846089
60000000000000000 WETH -> USDC 157384592
40000000000000000 WETH -> USDC 104923078
20000000000000000 WETH -> USDC 52461547
Elapsed: 87.59ms for 'revm'
✅ Finished eth_revm
-----------------------------
👉 Running eth_validate ...
100000000000000000 WETH -> USDC REVM 262307570 ETH_CALL 262307570
90000000000000000 WETH -> USDC REVM 236076832 ETH_CALL 236076832
80000000000000000 WETH -> USDC REVM 209846089 ETH_CALL 209846089
70000000000000000 WETH -> USDC REVM 183615343 ETH_CALL 183615343
60000000000000000 WETH -> USDC REVM 157384592 ETH_CALL 157384592
50000000000000000 WETH -> USDC REVM 131153837 ETH_CALL 131153837
40000000000000000 WETH -> USDC REVM 104923078 ETH_CALL 104923078
30000000000000000 WETH -> USDC REVM 78692314 ETH_CALL 78692314
20000000000000000 WETH -> USDC REVM 52461547 ETH_CALL 52461547
10000000000000000 WETH -> USDC REVM 26230775 ETH_CALL 26230775
✅ Finished eth_validate
-----------------------------
👉 Running ronin_call ...
volume: 10000000000000000
c9 9a 6a 98 5e d2 ca c1 ef 41 64 05 96 c5 a5 f9 f4 e1 9e f5 00 0b b8 e5 14 d9 de b7 96 6c 8b e0 ca 92 2d e8 a0 64 26 4e a6 bc d4 
encoded: [205, 202, 23, 83, 0, 0, 0, 0, 0, 0, 0, 0, 0, 0, 0, 0, 0, 0, 0, 0, 0, 0, 0, 0, 0, 0, 0, 0, 0, 0, 0, 0, 0, 0, 0, 64, 0, 0, 0, 0, 0, 0, 0, 0, 0, 0, 0, 0, 0, 0, 0, 0, 0, 0, 0, 0, 0, 0, 0, 0, 0, 35, 134, 242, 111, 193, 0, 0, 0, 0, 0, 0, 0, 0, 0, 0, 0, 0, 0, 0, 0, 0, 0, 0, 0, 0, 0, 0, 0, 0, 0, 0, 0, 0, 0, 0, 0, 0, 0, 43, 201, 154, 106, 152, 94, 210, 202, 193, 239, 65, 100, 5, 150, 197, 165, 249, 244, 225, 158, 245, 0, 11, 184, 229, 20, 217, 222, 183, 150, 108, 139, 224, 202, 146, 45, 232, 160, 100, 38, 78, 166, 188, 212, 0, 0, 0, 0, 0, 0, 0, 0, 0, 0, 0, 0, 0, 0, 0, 0, 0, 0, 0, 0, 0]
calldata: 0xcdca17530000000000000000000000000000000000000000000000000000000000000040000000000000000000000000000000000000000000000000002386f26fc10000000000000000000000000000000000000000000000000000000000000000002bc99a6a985ed2cac1ef41640596c5a5f9f4e19ef5000bb8e514d9deb7966c8be0ca922de8a064264ea6bcd4000000000000000000000000000000000000000000

---------
Block: 45719749
base_fee: 21000000000
tx: TransactionRequest { from: None, to: Some(Call(0x84ab2f9fdc4bf66312b0819d879437b8749efdf2)), gas_price: None, max_fee_per_gas: Some(21000000000), max_priority_fee_per_gas: Some(0), max_fee_per_blob_gas: None, gas: Some(1000000), value: Some(0), input: TransactionInput { input: Some(0xcdca17530000000000000000000000000000000000000000000000000000000000000040000000000000000000000000000000000000000000000000002386f26fc10000000000000000000000000000000000000000000000000000000000000000002bc99a6a985ed2cac1ef41640596c5a5f9f4e19ef5000bb8e514d9deb7966c8be0ca922de8a064264ea6bcd4000000000000000000000000000000000000000000), data: None }, nonce: Some(0), chain_id: Some(1), access_list: Some(AccessList([])), transaction_type: Some(2), blob_versioned_hashes: None, sidecar: None, authorization_list: None }
call: EthCall { method: "eth_call", data: TransactionRequest { from: None, to: Some(Call(0x84ab2f9fdc4bf66312b0819d879437b8749efdf2)), gas_price: None, max_fee_per_gas: Some(21000000000), max_priority_fee_per_gas: Some(0), max_fee_per_blob_gas: None, gas: Some(1000000), value: Some(0), input: TransactionInput { input: Some(0xcdca17530000000000000000000000000000000000000000000000000000000000000040000000000000000000000000000000000000000000000000002386f26fc10000000000000000000000000000000000000000000000000000000000000000002bc99a6a985ed2cac1ef41640596c5a5f9f4e19ef5000bb8e514d9deb7966c8be0ca922de8a064264ea6bcd4000000000000000000000000000000000000000000), data: None }, nonce: Some(0), chain_id: Some(1), access_list: Some(AccessList([])), transaction_type: Some(2), blob_versioned_hashes: None, sidecar: None, authorization_list: None }, block: Some(Number(Latest)), overrides: None }
call: 0x0000000000000000000000000000000000000000000000025d2f0d8463883777000000000000000000000000000000000000000000000000000000000000008000000000000000000000000000000000000000000000000000000000000000c0000000000000000000000000000000000000000000000000000000000001a1770000000000000000000000000000000000000000000000000000000000000001000000000000000000000000000000000000004222b9f4b659b1ff7fcb3437d800000000000000000000000000000000000000000000000000000000000000010000000000000000000000000000000000000000000000000000000000000001
10000000000000000 WETH -> WRON 43608088579108517751
Elapsed: 398.91ms for 'eth_call_one'
✅ Finished ronin_call
-----------------------------
👉 Running sample_checksum ...
token_in: 0xc99a6A985eD2Cac1ef41640596C5A5f9F4E19Ef5
token_out: 0xe514d9DEB7966c8BE0ca922de8a064264eA6bcd4
quoter_address: 0x84Ab2f9Fdc4Bf66312b0819D879437b8749EfDf2
✅ Finished sample_checksum
-----------------------------
🎉 All binaries ran successfully!
